Analysis & Synthesis report for LogicalStep_Lab4_top
Thu Mar 22 09:35:47 2018
Quartus Prime Version 15.1.0 Build 185 10/21/2015 SJ Standard Edition


---------------------
; Table of Contents ;
---------------------
  1. Legal Notice
  2. Analysis & Synthesis Summary
  3. Analysis & Synthesis Settings
  4. Parallel Compilation
  5. Analysis & Synthesis Source Files Read
  6. Analysis & Synthesis Resource Usage Summary
  7. Analysis & Synthesis Resource Utilization by Entity
  8. State Machine - |LogicalStep_Lab4_top|MooreSM1:extenderInstance|curr
  9. State Machine - |LogicalStep_Lab4_top|MealySM:mealysmInstance|curr
 10. User-Specified and Inferred Latches
 11. Registers Removed During Synthesis
 12. General Register Statistics
 13. Multiplexer Restructuring Statistics (Restructuring Performed)
 14. Post-Synthesis Netlist Statistics for Top Partition
 15. Elapsed Time Per Partition
 16. Analysis & Synthesis Messages



----------------
; Legal Notice ;
----------------
Copyright (C) 1991-2015 Altera Corporation. All rights reserved.
Your use of Altera Corporation's design tools, logic functions 
and other software and tools, and its AMPP partner logic 
functions, and any output files from any of the foregoing 
(including device programming or simulation files), and any 
associated documentation or information are expressly subject 
to the terms and conditions of the Altera Program License 
Subscription Agreement, the Altera Quartus Prime License Agreement,
the Altera MegaCore Function License Agreement, or other 
applicable license agreement, including, without limitation, 
that your use is for the sole purpose of programming logic 
devices manufactured by Altera and sold by Altera or its 
authorized distributors.  Please refer to the applicable 
agreement for further details.



+--------------------------------------------------------------------------------------+
; Analysis & Synthesis Summary                                                         ;
+------------------------------------+-------------------------------------------------+
; Analysis & Synthesis Status        ; Successful - Thu Mar 22 09:35:47 2018           ;
; Quartus Prime Version              ; 15.1.0 Build 185 10/21/2015 SJ Standard Edition ;
; Revision Name                      ; LogicalStep_Lab4_top                            ;
; Top-level Entity Name              ; LogicalStep_Lab4_top                            ;
; Family                             ; MAX 10                                          ;
; Total logic elements               ; 102                                             ;
;     Total combinational functions  ; 98                                              ;
;     Dedicated logic registers      ; 48                                              ;
; Total registers                    ; 48                                              ;
; Total pins                         ; 31                                              ;
; Total virtual pins                 ; 0                                               ;
; Total memory bits                  ; 0                                               ;
; Embedded Multiplier 9-bit elements ; 0                                               ;
; Total PLLs                         ; 0                                               ;
; UFM blocks                         ; 0                                               ;
; ADC blocks                         ; 0                                               ;
+------------------------------------+-------------------------------------------------+


+--------------------------------------------------------------------------------------------------------------------------+
; Analysis & Synthesis Settings                                                                                            ;
+----------------------------------------------------------------------------+----------------------+----------------------+
; Option                                                                     ; Setting              ; Default Value        ;
+----------------------------------------------------------------------------+----------------------+----------------------+
; Device                                                                     ; 10M08SAE144C8G       ;                      ;
; Top-level entity name                                                      ; LogicalStep_Lab4_top ; LogicalStep_Lab4_top ;
; Family name                                                                ; MAX 10               ; Cyclone V            ;
; Use smart compilation                                                      ; Off                  ; Off                  ;
; Enable parallel Assembler and TimeQuest Timing Analyzer during compilation ; On                   ; On                   ;
; Enable compact report table                                                ; Off                  ; Off                  ;
; Restructure Multiplexers                                                   ; Auto                 ; Auto                 ;
; Create Debugging Nodes for IP Cores                                        ; Off                  ; Off                  ;
; Preserve fewer node names                                                  ; On                   ; On                   ;
; Disable OpenCore Plus hardware evaluation                                  ; Off                  ; Off                  ;
; Verilog Version                                                            ; Verilog_2001         ; Verilog_2001         ;
; VHDL Version                                                               ; VHDL_1993            ; VHDL_1993            ;
; State Machine Processing                                                   ; Auto                 ; Auto                 ;
; Safe State Machine                                                         ; Off                  ; Off                  ;
; Extract Verilog State Machines                                             ; On                   ; On                   ;
; Extract VHDL State Machines                                                ; On                   ; On                   ;
; Ignore Verilog initial constructs                                          ; Off                  ; Off                  ;
; Iteration limit for constant Verilog loops                                 ; 5000                 ; 5000                 ;
; Iteration limit for non-constant Verilog loops                             ; 250                  ; 250                  ;
; Add Pass-Through Logic to Inferred RAMs                                    ; On                   ; On                   ;
; Infer RAMs from Raw Logic                                                  ; On                   ; On                   ;
; Parallel Synthesis                                                         ; On                   ; On                   ;
; DSP Block Balancing                                                        ; Auto                 ; Auto                 ;
; NOT Gate Push-Back                                                         ; On                   ; On                   ;
; Power-Up Don't Care                                                        ; On                   ; On                   ;
; Remove Redundant Logic Cells                                               ; Off                  ; Off                  ;
; Remove Duplicate Registers                                                 ; On                   ; On                   ;
; Ignore CARRY Buffers                                                       ; Off                  ; Off                  ;
; Ignore CASCADE Buffers                                                     ; Off                  ; Off                  ;
; Ignore GLOBAL Buffers                                                      ; Off                  ; Off                  ;
; Ignore ROW GLOBAL Buffers                                                  ; Off                  ; Off                  ;
; Ignore LCELL Buffers                                                       ; Off                  ; Off                  ;
; Ignore SOFT Buffers                                                        ; On                   ; On                   ;
; Limit AHDL Integers to 32 Bits                                             ; Off                  ; Off                  ;
; Optimization Technique                                                     ; Balanced             ; Balanced             ;
; Carry Chain Length                                                         ; 70                   ; 70                   ;
; Auto Carry Chains                                                          ; On                   ; On                   ;
; Auto Open-Drain Pins                                                       ; On                   ; On                   ;
; Perform WYSIWYG Primitive Resynthesis                                      ; Off                  ; Off                  ;
; Auto ROM Replacement                                                       ; On                   ; On                   ;
; Auto RAM Replacement                                                       ; On                   ; On                   ;
; Auto DSP Block Replacement                                                 ; On                   ; On                   ;
; Auto Shift Register Replacement                                            ; Auto                 ; Auto                 ;
; Allow Shift Register Merging across Hierarchies                            ; Auto                 ; Auto                 ;
; Auto Clock Enable Replacement                                              ; On                   ; On                   ;
; Strict RAM Replacement                                                     ; Off                  ; Off                  ;
; Allow Synchronous Control Signals                                          ; On                   ; On                   ;
; Force Use of Synchronous Clear Signals                                     ; Off                  ; Off                  ;
; Auto RAM Block Balancing                                                   ; On                   ; On                   ;
; Auto RAM to Logic Cell Conversion                                          ; Off                  ; Off                  ;
; Auto Resource Sharing                                                      ; Off                  ; Off                  ;
; Allow Any RAM Size For Recognition                                         ; Off                  ; Off                  ;
; Allow Any ROM Size For Recognition                                         ; Off                  ; Off                  ;
; Allow Any Shift Register Size For Recognition                              ; Off                  ; Off                  ;
; Use LogicLock Constraints during Resource Balancing                        ; On                   ; On                   ;
; Ignore translate_off and synthesis_off directives                          ; Off                  ; Off                  ;
; Timing-Driven Synthesis                                                    ; On                   ; On                   ;
; Report Parameter Settings                                                  ; On                   ; On                   ;
; Report Source Assignments                                                  ; On                   ; On                   ;
; Report Connectivity Checks                                                 ; On                   ; On                   ;
; Ignore Maximum Fan-Out Assignments                                         ; Off                  ; Off                  ;
; Synchronization Register Chain Length                                      ; 2                    ; 2                    ;
; PowerPlay Power Optimization During Synthesis                              ; Normal compilation   ; Normal compilation   ;
; HDL message level                                                          ; Level2               ; Level2               ;
; Suppress Register Optimization Related Messages                            ; Off                  ; Off                  ;
; Number of Removed Registers Reported in Synthesis Report                   ; 5000                 ; 5000                 ;
; Number of Swept Nodes Reported in Synthesis Report                         ; 5000                 ; 5000                 ;
; Number of Inverted Registers Reported in Synthesis Report                  ; 100                  ; 100                  ;
; Clock MUX Protection                                                       ; On                   ; On                   ;
; Auto Gated Clock Conversion                                                ; Off                  ; Off                  ;
; Block Design Naming                                                        ; Auto                 ; Auto                 ;
; SDC constraint protection                                                  ; Off                  ; Off                  ;
; Synthesis Effort                                                           ; Auto                 ; Auto                 ;
; Shift Register Replacement - Allow Asynchronous Clear Signal               ; On                   ; On                   ;
; Pre-Mapping Resynthesis Optimization                                       ; Off                  ; Off                  ;
; Analysis & Synthesis Message Level                                         ; Medium               ; Medium               ;
; Disable Register Merging Across Hierarchies                                ; Auto                 ; Auto                 ;
; Resource Aware Inference For Block RAM                                     ; On                   ; On                   ;
; Synthesis Seed                                                             ; 1                    ; 1                    ;
+----------------------------------------------------------------------------+----------------------+----------------------+


+------------------------------------------+
; Parallel Compilation                     ;
+----------------------------+-------------+
; Processors                 ; Number      ;
+----------------------------+-------------+
; Number detected on machine ; 4           ;
; Maximum allowed            ; 2           ;
;                            ;             ;
; Average used               ; 1.00        ;
; Maximum used               ; 2           ;
;                            ;             ;
; Usage by Processor         ; % Time Used ;
;     Processor 1            ; 100.0%      ;
;     Processor 2            ; < 0.1%      ;
+----------------------------+-------------+


+---------------------------------------------------------------------------------------------------------------------------------------+
; Analysis & Synthesis Source Files Read                                                                                                ;
+----------------------------------+-----------------+-----------------------+------------------------------------------------+---------+
; File Name with User-Entered Path ; Used in Netlist ; File Type             ; File Name with Absolute Path                   ; Library ;
+----------------------------------+-----------------+-----------------------+------------------------------------------------+---------+
; LogicalStep_Lab4_top.vhd         ; yes             ; User VHDL File        ; N:/1b/ECE124/Lab/Lab4/LogicalStep_Lab4_top.vhd ;         ;
; segment7_mux.vhd                 ; yes             ; User VHDL File        ; N:/1b/ECE124/Lab/Lab4/segment7_mux.vhd         ;         ;
; SevenSegment.vhd                 ; yes             ; User VHDL File        ; N:/1b/ECE124/Lab/Lab4/SevenSegment.vhd         ;         ;
; compx4.vhd                       ; yes             ; User VHDL File        ; N:/1b/ECE124/Lab/Lab4/compx4.vhd               ;         ;
; compx1.vhd                       ; yes             ; User VHDL File        ; N:/1b/ECE124/Lab/Lab4/compx1.vhd               ;         ;
; BinCounter4.vhd                  ; yes             ; User VHDL File        ; N:/1b/ECE124/Lab/Lab4/BinCounter4.vhd          ;         ;
; Bidir_shift_reg.vhd              ; yes             ; User VHDL File        ; N:/1b/ECE124/Lab/Lab4/Bidir_shift_reg.vhd      ;         ;
; mealy_sm.vhd                     ; yes             ; User VHDL File        ; N:/1b/ECE124/Lab/Lab4/mealy_sm.vhd             ;         ;
; moore_sm.vhd                     ; yes             ; User VHDL File        ; N:/1b/ECE124/Lab/Lab4/moore_sm.vhd             ;         ;
; moore_sm2.vhd                    ; yes             ; User VHDL File        ; N:/1b/ECE124/Lab/Lab4/moore_sm2.vhd            ;         ;
; muxMod.vhd                       ; yes             ; User VHDL File        ; N:/1b/ECE124/Lab/Lab4/muxMod.vhd               ;         ;
; mux.vhd                          ; yes             ; Auto-Found VHDL File  ; N:/1b/ECE124/Lab/Lab4/mux.vhd                  ;         ;
+----------------------------------+-----------------+-----------------------+------------------------------------------------+---------+


+---------------------------------------------------------------+
; Analysis & Synthesis Resource Usage Summary                   ;
+---------------------------------------------+-----------------+
; Resource                                    ; Usage           ;
+---------------------------------------------+-----------------+
; Estimated Total logic elements              ; 102             ;
;                                             ;                 ;
; Total combinational functions               ; 98              ;
; Logic element usage by number of LUT inputs ;                 ;
;     -- 4 input functions                    ; 37              ;
;     -- 3 input functions                    ; 26              ;
;     -- <=2 input functions                  ; 35              ;
;                                             ;                 ;
; Logic elements by mode                      ;                 ;
;     -- normal mode                          ; 70              ;
;     -- arithmetic mode                      ; 28              ;
;                                             ;                 ;
; Total registers                             ; 48              ;
;     -- Dedicated logic registers            ; 48              ;
;     -- I/O registers                        ; 0               ;
;                                             ;                 ;
; I/O pins                                    ; 31              ;
;                                             ;                 ;
; Embedded Multiplier 9-bit elements          ; 0               ;
;                                             ;                 ;
; Maximum fan-out node                        ; bin_counter[23] ;
; Maximum fan-out                             ; 26              ;
; Total fan-out                               ; 474             ;
; Average fan-out                             ; 2.28            ;
+---------------------------------------------+-----------------+


+---------------------------------------------------------------------------------------------------------------------------------------------------------------------------------------------------------------------------------------------------------+
; Analysis & Synthesis Resource Utilization by Entity                                                                                                                                                                                                     ;
+-----------------------------------------+-------------------+--------------+-------------+------------+--------------+---------+-----------+------+--------------+------------+----------------------------------------------------------+--------------+
; Compilation Hierarchy Node              ; LC Combinationals ; LC Registers ; Memory Bits ; UFM Blocks ; DSP Elements ; DSP 9x9 ; DSP 18x18 ; Pins ; Virtual Pins ; ADC blocks ; Full Hierarchy Name                                      ; Library Name ;
+-----------------------------------------+-------------------+--------------+-------------+------------+--------------+---------+-----------+------+--------------+------------+----------------------------------------------------------+--------------+
; |LogicalStep_Lab4_top                   ; 98 (25)           ; 48 (24)      ; 0           ; 0          ; 0            ; 0       ; 0         ; 31   ; 0            ; 0          ; |LogicalStep_Lab4_top                                    ; work         ;
;    |Bidir_shift_reg:bidirShiftInstance| ; 4 (4)             ; 4 (4)        ; 0           ; 0          ; 0            ; 0       ; 0         ; 0    ; 0            ; 0          ; |LogicalStep_Lab4_top|Bidir_shift_reg:bidirShiftInstance ; work         ;
;    |Bin_Counter4bit:xCountInstance|     ; 6 (6)             ; 4 (4)        ; 0           ; 0          ; 0            ; 0       ; 0         ; 0    ; 0            ; 0          ; |LogicalStep_Lab4_top|Bin_Counter4bit:xCountInstance     ; work         ;
;    |Bin_Counter4bit:yCountInstance|     ; 6 (6)             ; 4 (4)        ; 0           ; 0          ; 0            ; 0       ; 0         ; 0    ; 0            ; 0          ; |LogicalStep_Lab4_top|Bin_Counter4bit:yCountInstance     ; work         ;
;    |Compx4:xCompInstance|               ; 5 (5)             ; 0 (0)        ; 0           ; 0          ; 0            ; 0       ; 0         ; 0    ; 0            ; 0          ; |LogicalStep_Lab4_top|Compx4:xCompInstance               ; work         ;
;    |Compx4:yCompInstance|               ; 5 (5)             ; 0 (0)        ; 0           ; 0          ; 0            ; 0       ; 0         ; 0    ; 0            ; 0          ; |LogicalStep_Lab4_top|Compx4:yCompInstance               ; work         ;
;    |MealySM:mealysmInstance|            ; 11 (11)           ; 3 (3)        ; 0           ; 0          ; 0            ; 0       ; 0         ; 0    ; 0            ; 0          ; |LogicalStep_Lab4_top|MealySM:mealysmInstance            ; work         ;
;    |MooreSM1:extenderInstance|          ; 5 (5)             ; 8 (8)        ; 0           ; 0          ; 0            ; 0       ; 0         ; 0    ; 0            ; 0          ; |LogicalStep_Lab4_top|MooreSM1:extenderInstance          ; work         ;
;    |MooreSM2:grapplerInstance|          ; 1 (1)             ; 1 (1)        ; 0           ; 0          ; 0            ; 0       ; 0         ; 0    ; 0            ; 0          ; |LogicalStep_Lab4_top|MooreSM2:grapplerInstance          ; work         ;
;    |SevenSegment:sevenX|                ; 7 (7)             ; 0 (0)        ; 0           ; 0          ; 0            ; 0       ; 0         ; 0    ; 0            ; 0          ; |LogicalStep_Lab4_top|SevenSegment:sevenX                ; work         ;
;    |SevenSegment:sevenY|                ; 7 (7)             ; 0 (0)        ; 0           ; 0          ; 0            ; 0       ; 0         ; 0    ; 0            ; 0          ; |LogicalStep_Lab4_top|SevenSegment:sevenY                ; work         ;
;    |muxMod:blinkingMux|                 ; 9 (9)             ; 0 (0)        ; 0           ; 0          ; 0            ; 0       ; 0         ; 0    ; 0            ; 0          ; |LogicalStep_Lab4_top|muxMod:blinkingMux                 ; work         ;
;    |segment7_mux:display|               ; 7 (7)             ; 0 (0)        ; 0           ; 0          ; 0            ; 0       ; 0         ; 0    ; 0            ; 0          ; |LogicalStep_Lab4_top|segment7_mux:display               ; work         ;
+-----------------------------------------+-------------------+--------------+-------------+------------+--------------+---------+-----------+------+--------------+------------+----------------------------------------------------------+--------------+
Note: For table entries with two numbers listed, the numbers in parentheses indicate the number of resources of the given type used by the specific entity alone. The numbers listed outside of parentheses indicate the total resources of the given type used by the specific entity and all of its sub-entities in the hierarchy.


Encoding Type:  One-Hot
+-------------------------------------------------------------------------------------------------------------------------+
; State Machine - |LogicalStep_Lab4_top|MooreSM1:extenderInstance|curr                                                    ;
+----------------+-----------+-----------+-----------+-----------+---------------+-----------+-----------+----------------+
; Name           ; curr.RET3 ; curr.RET2 ; curr.RET1 ; curr.EXT1 ; curr.EXTENDED ; curr.EXT3 ; curr.EXT2 ; curr.RETRACTED ;
+----------------+-----------+-----------+-----------+-----------+---------------+-----------+-----------+----------------+
; curr.RETRACTED ; 0         ; 0         ; 0         ; 0         ; 0             ; 0         ; 0         ; 0              ;
; curr.EXT2      ; 0         ; 0         ; 0         ; 0         ; 0             ; 0         ; 1         ; 1              ;
; curr.EXT3      ; 0         ; 0         ; 0         ; 0         ; 0             ; 1         ; 0         ; 1              ;
; curr.EXTENDED  ; 0         ; 0         ; 0         ; 0         ; 1             ; 0         ; 0         ; 1              ;
; curr.EXT1      ; 0         ; 0         ; 0         ; 1         ; 0             ; 0         ; 0         ; 1              ;
; curr.RET1      ; 0         ; 0         ; 1         ; 0         ; 0             ; 0         ; 0         ; 1              ;
; curr.RET2      ; 0         ; 1         ; 0         ; 0         ; 0             ; 0         ; 0         ; 1              ;
; curr.RET3      ; 1         ; 0         ; 0         ; 0         ; 0             ; 0         ; 0         ; 1              ;
+----------------+-----------+-----------+-----------+-----------+---------------+-----------+-----------+----------------+


Encoding Type:  One-Hot
+--------------------------------------------------------------------+
; State Machine - |LogicalStep_Lab4_top|MealySM:mealysmInstance|curr ;
+---------+---------+---------+--------------------------------------+
; Name    ; curr.s2 ; curr.s1 ; curr.s0                              ;
+---------+---------+---------+--------------------------------------+
; curr.s0 ; 0       ; 0       ; 0                                    ;
; curr.s1 ; 0       ; 1       ; 1                                    ;
; curr.s2 ; 1       ; 0       ; 1                                    ;
+---------+---------+---------+--------------------------------------+


+---------------------------------------------------------------------------------------------------------------+
; User-Specified and Inferred Latches                                                                           ;
+----------------------------------------------------+---------------------------------+------------------------+
; Latch Name                                         ; Latch Enable Signal             ; Free of Timing Hazards ;
+----------------------------------------------------+---------------------------------+------------------------+
; MealySM:mealysmInstance|yClkEn                     ; MealySM:mealysmInstance|curr.s1 ; yes                    ;
; MealySM:mealysmInstance|yUD                        ; MealySM:mealysmInstance|curr.s1 ; yes                    ;
; MealySM:mealysmInstance|xClkEn                     ; MealySM:mealysmInstance|curr.s1 ; yes                    ;
; MealySM:mealysmInstance|xUD                        ; MealySM:mealysmInstance|curr.s1 ; yes                    ;
; Number of user-specified and inferred latches = 4  ;                                 ;                        ;
+----------------------------------------------------+---------------------------------+------------------------+
Note: All latches listed above may not be present at the end of synthesis due to various synthesis optimizations.


+------------------------------------------------------------------------+
; Registers Removed During Synthesis                                     ;
+------------------------------------------+-----------------------------+
; Register name                            ; Reason for Removal          ;
+------------------------------------------+-----------------------------+
; segment7_mux:display|\clk_proc:COUNT[0]  ; Merged with bin_counter[0]  ;
; segment7_mux:display|\clk_proc:COUNT[1]  ; Merged with bin_counter[1]  ;
; segment7_mux:display|\clk_proc:COUNT[2]  ; Merged with bin_counter[2]  ;
; segment7_mux:display|\clk_proc:COUNT[3]  ; Merged with bin_counter[3]  ;
; segment7_mux:display|\clk_proc:COUNT[4]  ; Merged with bin_counter[4]  ;
; segment7_mux:display|\clk_proc:COUNT[5]  ; Merged with bin_counter[5]  ;
; segment7_mux:display|\clk_proc:COUNT[6]  ; Merged with bin_counter[6]  ;
; segment7_mux:display|\clk_proc:COUNT[7]  ; Merged with bin_counter[7]  ;
; segment7_mux:display|\clk_proc:COUNT[8]  ; Merged with bin_counter[8]  ;
; segment7_mux:display|\clk_proc:COUNT[9]  ; Merged with bin_counter[9]  ;
; segment7_mux:display|\clk_proc:COUNT[10] ; Merged with bin_counter[10] ;
; bin_counter[24,25]                       ; Lost fanout                 ;
; Total Number of Removed Registers = 13   ;                             ;
+------------------------------------------+-----------------------------+


+------------------------------------------------------+
; General Register Statistics                          ;
+----------------------------------------------+-------+
; Statistic                                    ; Value ;
+----------------------------------------------+-------+
; Total registers                              ; 48    ;
; Number of registers using Synchronous Clear  ; 0     ;
; Number of registers using Synchronous Load   ; 0     ;
; Number of registers using Asynchronous Clear ; 24    ;
; Number of registers using Asynchronous Load  ; 0     ;
; Number of registers using Clock Enable       ; 14    ;
; Number of registers using Preset             ; 0     ;
+----------------------------------------------+-------+


+------------------------------------------------------------------------------------------------------------------------------------------------------------------+
; Multiplexer Restructuring Statistics (Restructuring Performed)                                                                                                   ;
+--------------------+-----------+---------------+----------------------+------------------------+------------+----------------------------------------------------+
; Multiplexer Inputs ; Bus Width ; Baseline Area ; Area if Restructured ; Saving if Restructured ; Registered ; Example Multiplexer Output                         ;
+--------------------+-----------+---------------+----------------------+------------------------+------------+----------------------------------------------------+
; 3:1                ; 8 bits    ; 16 LEs        ; 16 LEs               ; 0 LEs                  ; No         ; |LogicalStep_Lab4_top|muxMod:blinkingMux|Mux4      ;
; 5:1                ; 2 bits    ; 6 LEs         ; 4 LEs                ; 2 LEs                  ; No         ; |LogicalStep_Lab4_top|MooreSM1:extenderInstance|LR ;
+--------------------+-----------+---------------+----------------------+------------------------+------------+----------------------------------------------------+


+-----------------------------------------------------+
; Post-Synthesis Netlist Statistics for Top Partition ;
+-----------------------+-----------------------------+
; Type                  ; Count                       ;
+-----------------------+-----------------------------+
; boundary_port         ; 31                          ;
; cycloneiii_ff         ; 48                          ;
;     CLR               ; 10                          ;
;     ENA CLR           ; 14                          ;
;     plain             ; 24                          ;
; cycloneiii_io_obuf    ; 3                           ;
; cycloneiii_lcell_comb ; 105                         ;
;     arith             ; 28                          ;
;         2 data inputs ; 23                          ;
;         3 data inputs ; 5                           ;
;     normal            ; 77                          ;
;         0 data inputs ; 1                           ;
;         1 data inputs ; 8                           ;
;         2 data inputs ; 10                          ;
;         3 data inputs ; 21                          ;
;         4 data inputs ; 37                          ;
;                       ;                             ;
; Max LUT depth         ; 5.00                        ;
; Average LUT depth     ; 2.77                        ;
+-----------------------+-----------------------------+


+-------------------------------+
; Elapsed Time Per Partition    ;
+----------------+--------------+
; Partition Name ; Elapsed Time ;
+----------------+--------------+
; Top            ; 00:00:00     ;
+----------------+--------------+


+-------------------------------+
; Analysis & Synthesis Messages ;
+-------------------------------+
Info: *******************************************************************
Info: Running Quartus Prime Analysis & Synthesis
    Info: Version 15.1.0 Build 185 10/21/2015 SJ Standard Edition
    Info: Processing started: Thu Mar 22 09:35:30 2018
Info: Command: quartus_map --read_settings_files=on --write_settings_files=off LogicalStep_Lab4 -c LogicalStep_Lab4_top
Info (20030): Parallel compilation is enabled and will use 2 of the 2 processors detected
Info (12021): Found 2 design units, including 1 entities, in source file logicalstep_lab4_top.vhd
    Info (12022): Found design unit 1: LogicalStep_Lab4_top-SimpleCircuit File: N:/1b/ECE124/Lab/Lab4/LogicalStep_Lab4_top.vhd Line: 28
    Info (12023): Found entity 1: LogicalStep_Lab4_top File: N:/1b/ECE124/Lab/Lab4/LogicalStep_Lab4_top.vhd Line: 16
Info (12021): Found 2 design units, including 1 entities, in source file segment7_mux.vhd
    Info (12022): Found design unit 1: segment7_mux-syn File: N:/1b/ECE124/Lab/Lab4/segment7_mux.vhd Line: 67
    Info (12023): Found entity 1: segment7_mux File: N:/1b/ECE124/Lab/Lab4/segment7_mux.vhd Line: 52
Info (12021): Found 2 design units, including 1 entities, in source file sevensegment.vhd
    Info (12022): Found design unit 1: SevenSegment-Behavioral File: N:/1b/ECE124/Lab/Lab4/SevenSegment.vhd Line: 18
    Info (12023): Found entity 1: SevenSegment File: N:/1b/ECE124/Lab/Lab4/SevenSegment.vhd Line: 10
Info (12021): Found 2 design units, including 1 entities, in source file compx4.vhd
    Info (12022): Found design unit 1: Compx4-logicCompx4 File: N:/1b/ECE124/Lab/Lab4/compx4.vhd Line: 15
    Info (12023): Found entity 1: Compx4 File: N:/1b/ECE124/Lab/Lab4/compx4.vhd Line: 6
Info (12021): Found 2 design units, including 1 entities, in source file compx1.vhd
    Info (12022): Found design unit 1: Compx1-logicCompx1 File: N:/1b/ECE124/Lab/Lab4/compx1.vhd Line: 17
    Info (12023): Found entity 1: Compx1 File: N:/1b/ECE124/Lab/Lab4/compx1.vhd Line: 6
Info (12021): Found 2 design units, including 1 entities, in source file bincounter4.vhd
    Info (12022): Found design unit 1: Bin_Counter4bit-one File: N:/1b/ECE124/Lab/Lab4/BinCounter4.vhd Line: 15
    Info (12023): Found entity 1: Bin_Counter4bit File: N:/1b/ECE124/Lab/Lab4/BinCounter4.vhd Line: 5
Info (12021): Found 2 design units, including 1 entities, in source file bidir_shift_reg.vhd
    Info (12022): Found design unit 1: Bidir_shift_reg-one File: N:/1b/ECE124/Lab/Lab4/Bidir_shift_reg.vhd Line: 15
    Info (12023): Found entity 1: Bidir_shift_reg File: N:/1b/ECE124/Lab/Lab4/Bidir_shift_reg.vhd Line: 5
Info (12021): Found 2 design units, including 1 entities, in source file mealy_sm.vhd
    Info (12022): Found design unit 1: MealySM-msm File: N:/1b/ECE124/Lab/Lab4/mealy_sm.vhd Line: 20
    Info (12023): Found entity 1: MealySM File: N:/1b/ECE124/Lab/Lab4/mealy_sm.vhd Line: 5
Info (12021): Found 2 design units, including 1 entities, in source file moore_sm.vhd
    Info (12022): Found design unit 1: MooreSM1-mosm1 File: N:/1b/ECE124/Lab/Lab4/moore_sm.vhd Line: 15
    Info (12023): Found entity 1: MooreSM1 File: N:/1b/ECE124/Lab/Lab4/moore_sm.vhd Line: 5
Info (12021): Found 2 design units, including 1 entities, in source file moore_sm2.vhd
    Info (12022): Found design unit 1: MooreSM2-mosm2 File: N:/1b/ECE124/Lab/Lab4/moore_sm2.vhd Line: 14
    Info (12023): Found entity 1: MooreSM2 File: N:/1b/ECE124/Lab/Lab4/moore_sm2.vhd Line: 6
Info (12021): Found 2 design units, including 1 entities, in source file muxmod.vhd
    Info (12022): Found design unit 1: muxMod-logic File: N:/1b/ECE124/Lab/Lab4/muxMod.vhd Line: 13
    Info (12023): Found entity 1: muxMod File: N:/1b/ECE124/Lab/Lab4/muxMod.vhd Line: 5
Info (12127): Elaborating entity "LogicalStep_Lab4_top" for the top level hierarchy
Warning (10873): Using initial value X (don't care) for net "leds[2..1]" at LogicalStep_Lab4_top.vhd(21) File: N:/1b/ECE124/Lab/Lab4/LogicalStep_Lab4_top.vhd Line: 21
Info (12128): Elaborating entity "MealySM" for hierarchy "MealySM:mealysmInstance" File: N:/1b/ECE124/Lab/Lab4/LogicalStep_Lab4_top.vhd Line: 193
Warning (10631): VHDL Process Statement warning at mealy_sm.vhd(71): inferring latch(es) for signal or variable "xClkEn", which holds its previous value in one or more paths through the process File: N:/1b/ECE124/Lab/Lab4/mealy_sm.vhd Line: 71
Warning (10631): VHDL Process Statement warning at mealy_sm.vhd(71): inferring latch(es) for signal or variable "xUD", which holds its previous value in one or more paths through the process File: N:/1b/ECE124/Lab/Lab4/mealy_sm.vhd Line: 71
Warning (10631): VHDL Process Statement warning at mealy_sm.vhd(71): inferring latch(es) for signal or variable "yClkEn", which holds its previous value in one or more paths through the process File: N:/1b/ECE124/Lab/Lab4/mealy_sm.vhd Line: 71
Warning (10631): VHDL Process Statement warning at mealy_sm.vhd(71): inferring latch(es) for signal or variable "yUD", which holds its previous value in one or more paths through the process File: N:/1b/ECE124/Lab/Lab4/mealy_sm.vhd Line: 71
Info (10041): Inferred latch for "yUD" at mealy_sm.vhd(71) File: N:/1b/ECE124/Lab/Lab4/mealy_sm.vhd Line: 71
Info (10041): Inferred latch for "yClkEn" at mealy_sm.vhd(71) File: N:/1b/ECE124/Lab/Lab4/mealy_sm.vhd Line: 71
Info (10041): Inferred latch for "xUD" at mealy_sm.vhd(71) File: N:/1b/ECE124/Lab/Lab4/mealy_sm.vhd Line: 71
Info (10041): Inferred latch for "xClkEn" at mealy_sm.vhd(71) File: N:/1b/ECE124/Lab/Lab4/mealy_sm.vhd Line: 71
Info (12128): Elaborating entity "Bin_Counter4bit" for hierarchy "Bin_Counter4bit:xCountInstance" File: N:/1b/ECE124/Lab/Lab4/LogicalStep_Lab4_top.vhd Line: 199
Warning (10492): VHDL Process Statement warning at BinCounter4.vhd(36): signal "ud_bin_counter" is read inside the Process Statement but isn't in the Process Statement's sensitivity list File: N:/1b/ECE124/Lab/Lab4/BinCounter4.vhd Line: 36
Info (12128): Elaborating entity "Compx4" for hierarchy "Compx4:xCompInstance" File: N:/1b/ECE124/Lab/Lab4/LogicalStep_Lab4_top.vhd Line: 200
Info (12128): Elaborating entity "Compx1" for hierarchy "Compx4:xCompInstance|Compx1:inst0" File: N:/1b/ECE124/Lab/Lab4/compx4.vhd Line: 38
Warning (12090): Entity "mux" obtained from "mux.vhd" instead of from Quartus Prime megafunction library File: N:/1b/ECE124/Lab/Lab4/mux.vhd Line: 5
Warning (12125): Using design file mux.vhd, which is not specified as a design file for the current project, but contains definitions for 2 design units and 1 entities in project
    Info (12022): Found design unit 1: mux-logic File: N:/1b/ECE124/Lab/Lab4/mux.vhd Line: 14
    Info (12023): Found entity 1: mux File: N:/1b/ECE124/Lab/Lab4/mux.vhd Line: 5
Info (12128): Elaborating entity "mux" for hierarchy "mux:muxInstance" File: N:/1b/ECE124/Lab/Lab4/LogicalStep_Lab4_top.vhd Line: 218
Info (12128): Elaborating entity "muxMod" for hierarchy "muxMod:blinkingMux" File: N:/1b/ECE124/Lab/Lab4/LogicalStep_Lab4_top.vhd Line: 219
Info (12128): Elaborating entity "SevenSegment" for hierarchy "SevenSegment:sevenX" File: N:/1b/ECE124/Lab/Lab4/LogicalStep_Lab4_top.vhd Line: 222
Info (12128): Elaborating entity "segment7_mux" for hierarchy "segment7_mux:display" File: N:/1b/ECE124/Lab/Lab4/LogicalStep_Lab4_top.vhd Line: 224
Info (12128): Elaborating entity "Bidir_shift_reg" for hierarchy "Bidir_shift_reg:bidirShiftInstance" File: N:/1b/ECE124/Lab/Lab4/LogicalStep_Lab4_top.vhd Line: 227
Warning (10492): VHDL Process Statement warning at Bidir_shift_reg.vhd(24): signal "CLK_EN" is read inside the Process Statement but isn't in the Process Statement's sensitivity list File: N:/1b/ECE124/Lab/Lab4/Bidir_shift_reg.vhd Line: 24
Warning (10492): VHDL Process Statement warning at Bidir_shift_reg.vhd(31): signal "sreg" is read inside the Process Statement but isn't in the Process Statement's sensitivity list File: N:/1b/ECE124/Lab/Lab4/Bidir_shift_reg.vhd Line: 31
Info (12128): Elaborating entity "MooreSM1" for hierarchy "MooreSM1:extenderInstance" File: N:/1b/ECE124/Lab/Lab4/LogicalStep_Lab4_top.vhd Line: 229
Warning (10631): VHDL Process Statement warning at moore_sm.vhd(63): inferring latch(es) for signal or variable "e_out", which holds its previous value in one or more paths through the process File: N:/1b/ECE124/Lab/Lab4/moore_sm.vhd Line: 63
Warning (10631): VHDL Process Statement warning at moore_sm.vhd(63): inferring latch(es) for signal or variable "g_en", which holds its previous value in one or more paths through the process File: N:/1b/ECE124/Lab/Lab4/moore_sm.vhd Line: 63
Warning (10631): VHDL Process Statement warning at moore_sm.vhd(63): inferring latch(es) for signal or variable "bClkEn", which holds its previous value in one or more paths through the process File: N:/1b/ECE124/Lab/Lab4/moore_sm.vhd Line: 63
Warning (10631): VHDL Process Statement warning at moore_sm.vhd(63): inferring latch(es) for signal or variable "LR", which holds its previous value in one or more paths through the process File: N:/1b/ECE124/Lab/Lab4/moore_sm.vhd Line: 63
Info (10041): Inferred latch for "LR" at moore_sm.vhd(63) File: N:/1b/ECE124/Lab/Lab4/moore_sm.vhd Line: 63
Info (10041): Inferred latch for "bClkEn" at moore_sm.vhd(63) File: N:/1b/ECE124/Lab/Lab4/moore_sm.vhd Line: 63
Info (10041): Inferred latch for "g_en" at moore_sm.vhd(63) File: N:/1b/ECE124/Lab/Lab4/moore_sm.vhd Line: 63
Info (10041): Inferred latch for "e_out" at moore_sm.vhd(63) File: N:/1b/ECE124/Lab/Lab4/moore_sm.vhd Line: 63
Info (12128): Elaborating entity "MooreSM2" for hierarchy "MooreSM2:grapplerInstance" File: N:/1b/ECE124/Lab/Lab4/LogicalStep_Lab4_top.vhd Line: 233
Warning (13024): Output pins are stuck at VCC or GND
    Warning (13410): Pin "leds[1]" is stuck at GND File: N:/1b/ECE124/Lab/Lab4/LogicalStep_Lab4_top.vhd Line: 21
    Warning (13410): Pin "leds[2]" is stuck at GND File: N:/1b/ECE124/Lab/Lab4/LogicalStep_Lab4_top.vhd Line: 21
Info (286030): Timing-Driven Synthesis is running
Info (17049): 2 registers lost all their fanouts during netlist optimizations.
Info (16010): Generating hard_block partition "hard_block:auto_generated_inst"
    Info (16011): Adding 0 node(s), including 0 DDIO, 0 PLL, 0 transceiver and 0 LCELL
Info (21057): Implemented 133 device resources after synthesis - the final resource count might be different
    Info (21058): Implemented 14 input pins
    Info (21059): Implemented 17 output pins
    Info (21061): Implemented 102 logic cells
Info: Quartus Prime Analysis & Synthesis was successful. 0 errors, 17 warnings
    Info: Peak virtual memory: 858 megabytes
    Info: Processing ended: Thu Mar 22 09:35:47 2018
    Info: Elapsed time: 00:00:17
    Info: Total CPU time (on all processors): 00:00:21


